Gramática

    0 $accept: program $end

    1 program: FUNC MAIN OPEN_PARENTESIS CLOSE_PARENTESIS OPEN_BRACKETS cmdlist CLOSE_BRACKETS

    2 cmdlist: %empty
    3        | cmd cmdlist

    4 cmd: INT_TYPE VAR ATRIB expr SEMICOLON
    5    | VAR ATRIB expr SEMICOLON
    6    | IF OPEN_PARENTESIS expr CLOSE_PARENTESIS OPEN_BRACKETS cmdlist CLOSE_BRACKETS
    7    | IF OPEN_PARENTESIS expr CLOSE_PARENTESIS OPEN_BRACKETS cmdlist CLOSE_BRACKETS ELSE OPEN_BRACKETS cmdlist CLOSE_BRACKETS
    8    | WHILE OPEN_PARENTESIS expr CLOSE_PARENTESIS OPEN_BRACKETS cmdlist CLOSE_BRACKETS
    9    | PRINTF OPEN_PARENTESIS QUOTATION INT_OP QUOTATION COMMA VAR CLOSE_PARENTESIS SEMICOLON
   10    | SCANF OPEN_PARENTESIS QUOTATION INT_OP QUOTATION COMMA VAR CLOSE_PARENTESIS SEMICOLON

   11 expr: INT
   12     | VAR
   13     | expr PLUS expr
   14     | expr LESS expr
   15     | expr DIV expr
   16     | expr REST expr
   17     | expr MULT expr
   18     | expr EQUAL expr
   19     | expr NOTEQUAL expr
   20     | expr AND expr
   21     | expr OR expr
   22     | expr GREATER_OR_EQUAL expr
   23     | expr LESSER_OR_EQUAL expr
   24     | expr GREATER expr
   25     | expr LESSER expr


Terminais, com as regras aonde aparecem

$end (0) 0
error (256)
INT (258) 11
PLUS (259) 13
LESS (260) 14
MULT (261) 17
DIV (262) 15
REST (263) 16
EQUAL (264) 18
AND (265) 20
OR (266) 21
NOTEQUAL (267) 19
GREATER_OR_EQUAL (268) 22
LESSER_OR_EQUAL (269) 23
GREATER (270) 24
LESSER (271) 25
ATRIB (272) 4 5
INT_TYPE (273) 4
INT_OP (274) 9 10
WHILE (275) 8
IF (276) 6 7
ELSE (277) 7
OPEN_BRACKETS (278) 1 6 7 8
CLOSE_BRACKETS (279) 1 6 7 8
OPEN_PARENTESIS (280) 1 6 7 8 9 10
CLOSE_PARENTESIS (281) 1 6 7 8 9 10
SEMICOLON (282) 4 5 9 10
VAR (283) 4 5 9 10 12
FUNC (284) 1
MAIN (285) 1
QUOTATION (286) 9 10
COMMA (287) 9 10
PRINTF (288) 9
SCANF (289) 10


Não-terminais, com as regras aonde aparecem

$accept (35)
    à esquerda: 0
program (36)
    à esquerda: 1, à direita: 0
cmdlist (37)
    à esquerda: 2 3, à direita: 1 3 6 7 8
cmd (38)
    à esquerda: 4 5 6 7 8 9 10, à direita: 3
expr (39)
    à esquerda: 11 12 13 14 15 16 17 18 19 20 21 22 23 24 25, à direita:
    4 5 6 7 8 13 14 15 16 17 18 19 20 21 22 23 24 25


Estado0

    0 $accept: . program $end

    FUNC  fazer shift, e ir para o estado 1

    program  ir para o estado 2


Estado1

    1 program: FUNC . MAIN OPEN_PARENTESIS CLOSE_PARENTESIS OPEN_BRACKETS cmdlist CLOSE_BRACKETS

    MAIN  fazer shift, e ir para o estado 3


Estado2

    0 $accept: program . $end

    $end  fazer shift, e ir para o estado 4


Estado3

    1 program: FUNC MAIN . OPEN_PARENTESIS CLOSE_PARENTESIS OPEN_BRACKETS cmdlist CLOSE_BRACKETS

    OPEN_PARENTESIS  fazer shift, e ir para o estado 5


Estado4

    0 $accept: program $end .

    $default  aceite


Estado5

    1 program: FUNC MAIN OPEN_PARENTESIS . CLOSE_PARENTESIS OPEN_BRACKETS cmdlist CLOSE_BRACKETS

    CLOSE_PARENTESIS  fazer shift, e ir para o estado 6


Estado6

    1 program: FUNC MAIN OPEN_PARENTESIS CLOSE_PARENTESIS . OPEN_BRACKETS cmdlist CLOSE_BRACKETS

    OPEN_BRACKETS  fazer shift, e ir para o estado 7


Estado7

    1 program: FUNC MAIN OPEN_PARENTESIS CLOSE_PARENTESIS OPEN_BRACKETS . cmdlist CLOSE_BRACKETS

    INT_TYPE  fazer shift, e ir para o estado 8
    WHILE     fazer shift, e ir para o estado 9
    IF        fazer shift, e ir para o estado 10
    VAR       fazer shift, e ir para o estado 11
    PRINTF    fazer shift, e ir para o estado 12
    SCANF     fazer shift, e ir para o estado 13

    $default  reduzir usando a regra 2 (cmdlist)

    cmdlist  ir para o estado 14
    cmd      ir para o estado 15


Estado8

    4 cmd: INT_TYPE . VAR ATRIB expr SEMICOLON

    VAR  fazer shift, e ir para o estado 16


Estado9

    8 cmd: WHILE . OPEN_PARENTESIS expr CLOSE_PARENTESIS OPEN_BRACKETS cmdlist CLOSE_BRACKETS

    OPEN_PARENTESIS  fazer shift, e ir para o estado 17


Estado10

    6 cmd: IF . OPEN_PARENTESIS expr CLOSE_PARENTESIS OPEN_BRACKETS cmdlist CLOSE_BRACKETS
    7    | IF . OPEN_PARENTESIS expr CLOSE_PARENTESIS OPEN_BRACKETS cmdlist CLOSE_BRACKETS ELSE OPEN_BRACKETS cmdlist CLOSE_BRACKETS

    OPEN_PARENTESIS  fazer shift, e ir para o estado 18


Estado11

    5 cmd: VAR . ATRIB expr SEMICOLON

    ATRIB  fazer shift, e ir para o estado 19


Estado12

    9 cmd: PRINTF . OPEN_PARENTESIS QUOTATION INT_OP QUOTATION COMMA VAR CLOSE_PARENTESIS SEMICOLON

    OPEN_PARENTESIS  fazer shift, e ir para o estado 20


Estado13

   10 cmd: SCANF . OPEN_PARENTESIS QUOTATION INT_OP QUOTATION COMMA VAR CLOSE_PARENTESIS SEMICOLON

    OPEN_PARENTESIS  fazer shift, e ir para o estado 21


Estado14

    1 program: FUNC MAIN OPEN_PARENTESIS CLOSE_PARENTESIS OPEN_BRACKETS cmdlist . CLOSE_BRACKETS

    CLOSE_BRACKETS  fazer shift, e ir para o estado 22


Estado15

    3 cmdlist: cmd . cmdlist

    INT_TYPE  fazer shift, e ir para o estado 8
    WHILE     fazer shift, e ir para o estado 9
    IF        fazer shift, e ir para o estado 10
    VAR       fazer shift, e ir para o estado 11
    PRINTF    fazer shift, e ir para o estado 12
    SCANF     fazer shift, e ir para o estado 13

    $default  reduzir usando a regra 2 (cmdlist)

    cmdlist  ir para o estado 23
    cmd      ir para o estado 15


Estado16

    4 cmd: INT_TYPE VAR . ATRIB expr SEMICOLON

    ATRIB  fazer shift, e ir para o estado 24


Estado17

    8 cmd: WHILE OPEN_PARENTESIS . expr CLOSE_PARENTESIS OPEN_BRACKETS cmdlist CLOSE_BRACKETS

    INT  fazer shift, e ir para o estado 25
    VAR  fazer shift, e ir para o estado 26

    expr  ir para o estado 27


Estado18

    6 cmd: IF OPEN_PARENTESIS . expr CLOSE_PARENTESIS OPEN_BRACKETS cmdlist CLOSE_BRACKETS
    7    | IF OPEN_PARENTESIS . expr CLOSE_PARENTESIS OPEN_BRACKETS cmdlist CLOSE_BRACKETS ELSE OPEN_BRACKETS cmdlist CLOSE_BRACKETS

    INT  fazer shift, e ir para o estado 25
    VAR  fazer shift, e ir para o estado 26

    expr  ir para o estado 28


Estado19

    5 cmd: VAR ATRIB . expr SEMICOLON

    INT  fazer shift, e ir para o estado 25
    VAR  fazer shift, e ir para o estado 26

    expr  ir para o estado 29


Estado20

    9 cmd: PRINTF OPEN_PARENTESIS . QUOTATION INT_OP QUOTATION COMMA VAR CLOSE_PARENTESIS SEMICOLON

    QUOTATION  fazer shift, e ir para o estado 30


Estado21

   10 cmd: SCANF OPEN_PARENTESIS . QUOTATION INT_OP QUOTATION COMMA VAR CLOSE_PARENTESIS SEMICOLON

    QUOTATION  fazer shift, e ir para o estado 31


Estado22

    1 program: FUNC MAIN OPEN_PARENTESIS CLOSE_PARENTESIS OPEN_BRACKETS cmdlist CLOSE_BRACKETS .

    $default  reduzir usando a regra 1 (program)


Estado23

    3 cmdlist: cmd cmdlist .

    $default  reduzir usando a regra 3 (cmdlist)


Estado24

    4 cmd: INT_TYPE VAR ATRIB . expr SEMICOLON

    INT  fazer shift, e ir para o estado 25
    VAR  fazer shift, e ir para o estado 26

    expr  ir para o estado 32


Estado25

   11 expr: INT .

    $default  reduzir usando a regra 11 (expr)


Estado26

   12 expr: VAR .

    $default  reduzir usando a regra 12 (expr)


Estado27

    8 cmd: WHILE OPEN_PARENTESIS expr . CLOSE_PARENTESIS OPEN_BRACKETS cmdlist CLOSE_BRACKETS
   13 expr: expr . PLUS expr
   14     | expr . LESS expr
   15     | expr . DIV expr
   16     | expr . REST expr
   17     | expr . MULT expr
   18     | expr . EQUAL expr
   19     | expr . NOTEQUAL expr
   20     | expr . AND expr
   21     | expr . OR expr
   22     | expr . GREATER_OR_EQUAL expr
   23     | expr . LESSER_OR_EQUAL expr
   24     | expr . GREATER expr
   25     | expr . LESSER expr

    PLUS              fazer shift, e ir para o estado 33
    LESS              fazer shift, e ir para o estado 34
    MULT              fazer shift, e ir para o estado 35
    DIV               fazer shift, e ir para o estado 36
    REST              fazer shift, e ir para o estado 37
    EQUAL             fazer shift, e ir para o estado 38
    AND               fazer shift, e ir para o estado 39
    OR                fazer shift, e ir para o estado 40
    NOTEQUAL          fazer shift, e ir para o estado 41
    GREATER_OR_EQUAL  fazer shift, e ir para o estado 42
    LESSER_OR_EQUAL   fazer shift, e ir para o estado 43
    GREATER           fazer shift, e ir para o estado 44
    LESSER            fazer shift, e ir para o estado 45
    CLOSE_PARENTESIS  fazer shift, e ir para o estado 46


Estado28

    6 cmd: IF OPEN_PARENTESIS expr . CLOSE_PARENTESIS OPEN_BRACKETS cmdlist CLOSE_BRACKETS
    7    | IF OPEN_PARENTESIS expr . CLOSE_PARENTESIS OPEN_BRACKETS cmdlist CLOSE_BRACKETS ELSE OPEN_BRACKETS cmdlist CLOSE_BRACKETS
   13 expr: expr . PLUS expr
   14     | expr . LESS expr
   15     | expr . DIV expr
   16     | expr . REST expr
   17     | expr . MULT expr
   18     | expr . EQUAL expr
   19     | expr . NOTEQUAL expr
   20     | expr . AND expr
   21     | expr . OR expr
   22     | expr . GREATER_OR_EQUAL expr
   23     | expr . LESSER_OR_EQUAL expr
   24     | expr . GREATER expr
   25     | expr . LESSER expr

    PLUS              fazer shift, e ir para o estado 33
    LESS              fazer shift, e ir para o estado 34
    MULT              fazer shift, e ir para o estado 35
    DIV               fazer shift, e ir para o estado 36
    REST              fazer shift, e ir para o estado 37
    EQUAL             fazer shift, e ir para o estado 38
    AND               fazer shift, e ir para o estado 39
    OR                fazer shift, e ir para o estado 40
    NOTEQUAL          fazer shift, e ir para o estado 41
    GREATER_OR_EQUAL  fazer shift, e ir para o estado 42
    LESSER_OR_EQUAL   fazer shift, e ir para o estado 43
    GREATER           fazer shift, e ir para o estado 44
    LESSER            fazer shift, e ir para o estado 45
    CLOSE_PARENTESIS  fazer shift, e ir para o estado 47


Estado29

    5 cmd: VAR ATRIB expr . SEMICOLON
   13 expr: expr . PLUS expr
   14     | expr . LESS expr
   15     | expr . DIV expr
   16     | expr . REST expr
   17     | expr . MULT expr
   18     | expr . EQUAL expr
   19     | expr . NOTEQUAL expr
   20     | expr . AND expr
   21     | expr . OR expr
   22     | expr . GREATER_OR_EQUAL expr
   23     | expr . LESSER_OR_EQUAL expr
   24     | expr . GREATER expr
   25     | expr . LESSER expr

    PLUS              fazer shift, e ir para o estado 33
    LESS              fazer shift, e ir para o estado 34
    MULT              fazer shift, e ir para o estado 35
    DIV               fazer shift, e ir para o estado 36
    REST              fazer shift, e ir para o estado 37
    EQUAL             fazer shift, e ir para o estado 38
    AND               fazer shift, e ir para o estado 39
    OR                fazer shift, e ir para o estado 40
    NOTEQUAL          fazer shift, e ir para o estado 41
    GREATER_OR_EQUAL  fazer shift, e ir para o estado 42
    LESSER_OR_EQUAL   fazer shift, e ir para o estado 43
    GREATER           fazer shift, e ir para o estado 44
    LESSER            fazer shift, e ir para o estado 45
    SEMICOLON         fazer shift, e ir para o estado 48


Estado30

    9 cmd: PRINTF OPEN_PARENTESIS QUOTATION . INT_OP QUOTATION COMMA VAR CLOSE_PARENTESIS SEMICOLON

    INT_OP  fazer shift, e ir para o estado 49


Estado31

   10 cmd: SCANF OPEN_PARENTESIS QUOTATION . INT_OP QUOTATION COMMA VAR CLOSE_PARENTESIS SEMICOLON

    INT_OP  fazer shift, e ir para o estado 50


Estado32

    4 cmd: INT_TYPE VAR ATRIB expr . SEMICOLON
   13 expr: expr . PLUS expr
   14     | expr . LESS expr
   15     | expr . DIV expr
   16     | expr . REST expr
   17     | expr . MULT expr
   18     | expr . EQUAL expr
   19     | expr . NOTEQUAL expr
   20     | expr . AND expr
   21     | expr . OR expr
   22     | expr . GREATER_OR_EQUAL expr
   23     | expr . LESSER_OR_EQUAL expr
   24     | expr . GREATER expr
   25     | expr . LESSER expr

    PLUS              fazer shift, e ir para o estado 33
    LESS              fazer shift, e ir para o estado 34
    MULT              fazer shift, e ir para o estado 35
    DIV               fazer shift, e ir para o estado 36
    REST              fazer shift, e ir para o estado 37
    EQUAL             fazer shift, e ir para o estado 38
    AND               fazer shift, e ir para o estado 39
    OR                fazer shift, e ir para o estado 40
    NOTEQUAL          fazer shift, e ir para o estado 41
    GREATER_OR_EQUAL  fazer shift, e ir para o estado 42
    LESSER_OR_EQUAL   fazer shift, e ir para o estado 43
    GREATER           fazer shift, e ir para o estado 44
    LESSER            fazer shift, e ir para o estado 45
    SEMICOLON         fazer shift, e ir para o estado 51


Estado33

   13 expr: expr PLUS . expr

    INT  fazer shift, e ir para o estado 25
    VAR  fazer shift, e ir para o estado 26

    expr  ir para o estado 52


Estado34

   14 expr: expr LESS . expr

    INT  fazer shift, e ir para o estado 25
    VAR  fazer shift, e ir para o estado 26

    expr  ir para o estado 53


Estado35

   17 expr: expr MULT . expr

    INT  fazer shift, e ir para o estado 25
    VAR  fazer shift, e ir para o estado 26

    expr  ir para o estado 54


Estado36

   15 expr: expr DIV . expr

    INT  fazer shift, e ir para o estado 25
    VAR  fazer shift, e ir para o estado 26

    expr  ir para o estado 55


Estado37

   16 expr: expr REST . expr

    INT  fazer shift, e ir para o estado 25
    VAR  fazer shift, e ir para o estado 26

    expr  ir para o estado 56


Estado38

   18 expr: expr EQUAL . expr

    INT  fazer shift, e ir para o estado 25
    VAR  fazer shift, e ir para o estado 26

    expr  ir para o estado 57


Estado39

   20 expr: expr AND . expr

    INT  fazer shift, e ir para o estado 25
    VAR  fazer shift, e ir para o estado 26

    expr  ir para o estado 58


Estado40

   21 expr: expr OR . expr

    INT  fazer shift, e ir para o estado 25
    VAR  fazer shift, e ir para o estado 26

    expr  ir para o estado 59


Estado41

   19 expr: expr NOTEQUAL . expr

    INT  fazer shift, e ir para o estado 25
    VAR  fazer shift, e ir para o estado 26

    expr  ir para o estado 60


Estado42

   22 expr: expr GREATER_OR_EQUAL . expr

    INT  fazer shift, e ir para o estado 25
    VAR  fazer shift, e ir para o estado 26

    expr  ir para o estado 61


Estado43

   23 expr: expr LESSER_OR_EQUAL . expr

    INT  fazer shift, e ir para o estado 25
    VAR  fazer shift, e ir para o estado 26

    expr  ir para o estado 62


Estado44

   24 expr: expr GREATER . expr

    INT  fazer shift, e ir para o estado 25
    VAR  fazer shift, e ir para o estado 26

    expr  ir para o estado 63


Estado45

   25 expr: expr LESSER . expr

    INT  fazer shift, e ir para o estado 25
    VAR  fazer shift, e ir para o estado 26

    expr  ir para o estado 64


Estado46

    8 cmd: WHILE OPEN_PARENTESIS expr CLOSE_PARENTESIS . OPEN_BRACKETS cmdlist CLOSE_BRACKETS

    OPEN_BRACKETS  fazer shift, e ir para o estado 65


Estado47

    6 cmd: IF OPEN_PARENTESIS expr CLOSE_PARENTESIS . OPEN_BRACKETS cmdlist CLOSE_BRACKETS
    7    | IF OPEN_PARENTESIS expr CLOSE_PARENTESIS . OPEN_BRACKETS cmdlist CLOSE_BRACKETS ELSE OPEN_BRACKETS cmdlist CLOSE_BRACKETS

    OPEN_BRACKETS  fazer shift, e ir para o estado 66


Estado48

    5 cmd: VAR ATRIB expr SEMICOLON .

    $default  reduzir usando a regra 5 (cmd)


Estado49

    9 cmd: PRINTF OPEN_PARENTESIS QUOTATION INT_OP . QUOTATION COMMA VAR CLOSE_PARENTESIS SEMICOLON

    QUOTATION  fazer shift, e ir para o estado 67


Estado50

   10 cmd: SCANF OPEN_PARENTESIS QUOTATION INT_OP . QUOTATION COMMA VAR CLOSE_PARENTESIS SEMICOLON

    QUOTATION  fazer shift, e ir para o estado 68


Estado51

    4 cmd: INT_TYPE VAR ATRIB expr SEMICOLON .

    $default  reduzir usando a regra 4 (cmd)


Estado52

   13 expr: expr . PLUS expr
   13     | expr PLUS expr .
   14     | expr . LESS expr
   15     | expr . DIV expr
   16     | expr . REST expr
   17     | expr . MULT expr
   18     | expr . EQUAL expr
   19     | expr . NOTEQUAL expr
   20     | expr . AND expr
   21     | expr . OR expr
   22     | expr . GREATER_OR_EQUAL expr
   23     | expr . LESSER_OR_EQUAL expr
   24     | expr . GREATER expr
   25     | expr . LESSER expr

    MULT  fazer shift, e ir para o estado 35
    DIV   fazer shift, e ir para o estado 36
    REST  fazer shift, e ir para o estado 37

    $default  reduzir usando a regra 13 (expr)


Estado53

   13 expr: expr . PLUS expr
   14     | expr . LESS expr
   14     | expr LESS expr .
   15     | expr . DIV expr
   16     | expr . REST expr
   17     | expr . MULT expr
   18     | expr . EQUAL expr
   19     | expr . NOTEQUAL expr
   20     | expr . AND expr
   21     | expr . OR expr
   22     | expr . GREATER_OR_EQUAL expr
   23     | expr . LESSER_OR_EQUAL expr
   24     | expr . GREATER expr
   25     | expr . LESSER expr

    MULT  fazer shift, e ir para o estado 35
    DIV   fazer shift, e ir para o estado 36
    REST  fazer shift, e ir para o estado 37

    $default  reduzir usando a regra 14 (expr)


Estado54

   13 expr: expr . PLUS expr
   14     | expr . LESS expr
   15     | expr . DIV expr
   16     | expr . REST expr
   17     | expr . MULT expr
   17     | expr MULT expr .
   18     | expr . EQUAL expr
   19     | expr . NOTEQUAL expr
   20     | expr . AND expr
   21     | expr . OR expr
   22     | expr . GREATER_OR_EQUAL expr
   23     | expr . LESSER_OR_EQUAL expr
   24     | expr . GREATER expr
   25     | expr . LESSER expr

    REST  fazer shift, e ir para o estado 37

    $default  reduzir usando a regra 17 (expr)


Estado55

   13 expr: expr . PLUS expr
   14     | expr . LESS expr
   15     | expr . DIV expr
   15     | expr DIV expr .
   16     | expr . REST expr
   17     | expr . MULT expr
   18     | expr . EQUAL expr
   19     | expr . NOTEQUAL expr
   20     | expr . AND expr
   21     | expr . OR expr
   22     | expr . GREATER_OR_EQUAL expr
   23     | expr . LESSER_OR_EQUAL expr
   24     | expr . GREATER expr
   25     | expr . LESSER expr

    REST  fazer shift, e ir para o estado 37

    $default  reduzir usando a regra 15 (expr)


Estado56

   13 expr: expr . PLUS expr
   14     | expr . LESS expr
   15     | expr . DIV expr
   16     | expr . REST expr
   16     | expr REST expr .
   17     | expr . MULT expr
   18     | expr . EQUAL expr
   19     | expr . NOTEQUAL expr
   20     | expr . AND expr
   21     | expr . OR expr
   22     | expr . GREATER_OR_EQUAL expr
   23     | expr . LESSER_OR_EQUAL expr
   24     | expr . GREATER expr
   25     | expr . LESSER expr

    $default  reduzir usando a regra 16 (expr)


Estado57

   13 expr: expr . PLUS expr
   14     | expr . LESS expr
   15     | expr . DIV expr
   16     | expr . REST expr
   17     | expr . MULT expr
   18     | expr . EQUAL expr
   18     | expr EQUAL expr .
   19     | expr . NOTEQUAL expr
   20     | expr . AND expr
   21     | expr . OR expr
   22     | expr . GREATER_OR_EQUAL expr
   23     | expr . LESSER_OR_EQUAL expr
   24     | expr . GREATER expr
   25     | expr . LESSER expr

    PLUS              fazer shift, e ir para o estado 33
    LESS              fazer shift, e ir para o estado 34
    MULT              fazer shift, e ir para o estado 35
    DIV               fazer shift, e ir para o estado 36
    REST              fazer shift, e ir para o estado 37
    GREATER_OR_EQUAL  fazer shift, e ir para o estado 42
    LESSER_OR_EQUAL   fazer shift, e ir para o estado 43
    GREATER           fazer shift, e ir para o estado 44
    LESSER            fazer shift, e ir para o estado 45

    $default  reduzir usando a regra 18 (expr)


Estado58

   13 expr: expr . PLUS expr
   14     | expr . LESS expr
   15     | expr . DIV expr
   16     | expr . REST expr
   17     | expr . MULT expr
   18     | expr . EQUAL expr
   19     | expr . NOTEQUAL expr
   20     | expr . AND expr
   20     | expr AND expr .
   21     | expr . OR expr
   22     | expr . GREATER_OR_EQUAL expr
   23     | expr . LESSER_OR_EQUAL expr
   24     | expr . GREATER expr
   25     | expr . LESSER expr

    PLUS              fazer shift, e ir para o estado 33
    LESS              fazer shift, e ir para o estado 34
    MULT              fazer shift, e ir para o estado 35
    DIV               fazer shift, e ir para o estado 36
    REST              fazer shift, e ir para o estado 37
    EQUAL             fazer shift, e ir para o estado 38
    NOTEQUAL          fazer shift, e ir para o estado 41
    GREATER_OR_EQUAL  fazer shift, e ir para o estado 42
    LESSER_OR_EQUAL   fazer shift, e ir para o estado 43
    GREATER           fazer shift, e ir para o estado 44
    LESSER            fazer shift, e ir para o estado 45

    $default  reduzir usando a regra 20 (expr)


Estado59

   13 expr: expr . PLUS expr
   14     | expr . LESS expr
   15     | expr . DIV expr
   16     | expr . REST expr
   17     | expr . MULT expr
   18     | expr . EQUAL expr
   19     | expr . NOTEQUAL expr
   20     | expr . AND expr
   21     | expr . OR expr
   21     | expr OR expr .
   22     | expr . GREATER_OR_EQUAL expr
   23     | expr . LESSER_OR_EQUAL expr
   24     | expr . GREATER expr
   25     | expr . LESSER expr

    PLUS              fazer shift, e ir para o estado 33
    LESS              fazer shift, e ir para o estado 34
    MULT              fazer shift, e ir para o estado 35
    DIV               fazer shift, e ir para o estado 36
    REST              fazer shift, e ir para o estado 37
    EQUAL             fazer shift, e ir para o estado 38
    NOTEQUAL          fazer shift, e ir para o estado 41
    GREATER_OR_EQUAL  fazer shift, e ir para o estado 42
    LESSER_OR_EQUAL   fazer shift, e ir para o estado 43
    GREATER           fazer shift, e ir para o estado 44
    LESSER            fazer shift, e ir para o estado 45

    $default  reduzir usando a regra 21 (expr)


Estado60

   13 expr: expr . PLUS expr
   14     | expr . LESS expr
   15     | expr . DIV expr
   16     | expr . REST expr
   17     | expr . MULT expr
   18     | expr . EQUAL expr
   19     | expr . NOTEQUAL expr
   19     | expr NOTEQUAL expr .
   20     | expr . AND expr
   21     | expr . OR expr
   22     | expr . GREATER_OR_EQUAL expr
   23     | expr . LESSER_OR_EQUAL expr
   24     | expr . GREATER expr
   25     | expr . LESSER expr

    PLUS              fazer shift, e ir para o estado 33
    LESS              fazer shift, e ir para o estado 34
    MULT              fazer shift, e ir para o estado 35
    DIV               fazer shift, e ir para o estado 36
    REST              fazer shift, e ir para o estado 37
    GREATER_OR_EQUAL  fazer shift, e ir para o estado 42
    LESSER_OR_EQUAL   fazer shift, e ir para o estado 43
    GREATER           fazer shift, e ir para o estado 44
    LESSER            fazer shift, e ir para o estado 45

    $default  reduzir usando a regra 19 (expr)


Estado61

   13 expr: expr . PLUS expr
   14     | expr . LESS expr
   15     | expr . DIV expr
   16     | expr . REST expr
   17     | expr . MULT expr
   18     | expr . EQUAL expr
   19     | expr . NOTEQUAL expr
   20     | expr . AND expr
   21     | expr . OR expr
   22     | expr . GREATER_OR_EQUAL expr
   22     | expr GREATER_OR_EQUAL expr .
   23     | expr . LESSER_OR_EQUAL expr
   24     | expr . GREATER expr
   25     | expr . LESSER expr

    PLUS  fazer shift, e ir para o estado 33
    LESS  fazer shift, e ir para o estado 34
    MULT  fazer shift, e ir para o estado 35
    DIV   fazer shift, e ir para o estado 36
    REST  fazer shift, e ir para o estado 37

    $default  reduzir usando a regra 22 (expr)


Estado62

   13 expr: expr . PLUS expr
   14     | expr . LESS expr
   15     | expr . DIV expr
   16     | expr . REST expr
   17     | expr . MULT expr
   18     | expr . EQUAL expr
   19     | expr . NOTEQUAL expr
   20     | expr . AND expr
   21     | expr . OR expr
   22     | expr . GREATER_OR_EQUAL expr
   23     | expr . LESSER_OR_EQUAL expr
   23     | expr LESSER_OR_EQUAL expr .
   24     | expr . GREATER expr
   25     | expr . LESSER expr

    PLUS  fazer shift, e ir para o estado 33
    LESS  fazer shift, e ir para o estado 34
    MULT  fazer shift, e ir para o estado 35
    DIV   fazer shift, e ir para o estado 36
    REST  fazer shift, e ir para o estado 37

    $default  reduzir usando a regra 23 (expr)


Estado63

   13 expr: expr . PLUS expr
   14     | expr . LESS expr
   15     | expr . DIV expr
   16     | expr . REST expr
   17     | expr . MULT expr
   18     | expr . EQUAL expr
   19     | expr . NOTEQUAL expr
   20     | expr . AND expr
   21     | expr . OR expr
   22     | expr . GREATER_OR_EQUAL expr
   23     | expr . LESSER_OR_EQUAL expr
   24     | expr . GREATER expr
   24     | expr GREATER expr .
   25     | expr . LESSER expr

    PLUS  fazer shift, e ir para o estado 33
    LESS  fazer shift, e ir para o estado 34
    MULT  fazer shift, e ir para o estado 35
    DIV   fazer shift, e ir para o estado 36
    REST  fazer shift, e ir para o estado 37

    $default  reduzir usando a regra 24 (expr)


Estado64

   13 expr: expr . PLUS expr
   14     | expr . LESS expr
   15     | expr . DIV expr
   16     | expr . REST expr
   17     | expr . MULT expr
   18     | expr . EQUAL expr
   19     | expr . NOTEQUAL expr
   20     | expr . AND expr
   21     | expr . OR expr
   22     | expr . GREATER_OR_EQUAL expr
   23     | expr . LESSER_OR_EQUAL expr
   24     | expr . GREATER expr
   25     | expr . LESSER expr
   25     | expr LESSER expr .

    PLUS  fazer shift, e ir para o estado 33
    LESS  fazer shift, e ir para o estado 34
    MULT  fazer shift, e ir para o estado 35
    DIV   fazer shift, e ir para o estado 36
    REST  fazer shift, e ir para o estado 37

    $default  reduzir usando a regra 25 (expr)


Estado65

    8 cmd: WHILE OPEN_PARENTESIS expr CLOSE_PARENTESIS OPEN_BRACKETS . cmdlist CLOSE_BRACKETS

    INT_TYPE  fazer shift, e ir para o estado 8
    WHILE     fazer shift, e ir para o estado 9
    IF        fazer shift, e ir para o estado 10
    VAR       fazer shift, e ir para o estado 11
    PRINTF    fazer shift, e ir para o estado 12
    SCANF     fazer shift, e ir para o estado 13

    $default  reduzir usando a regra 2 (cmdlist)

    cmdlist  ir para o estado 69
    cmd      ir para o estado 15


Estado66

    6 cmd: IF OPEN_PARENTESIS expr CLOSE_PARENTESIS OPEN_BRACKETS . cmdlist CLOSE_BRACKETS
    7    | IF OPEN_PARENTESIS expr CLOSE_PARENTESIS OPEN_BRACKETS . cmdlist CLOSE_BRACKETS ELSE OPEN_BRACKETS cmdlist CLOSE_BRACKETS

    INT_TYPE  fazer shift, e ir para o estado 8
    WHILE     fazer shift, e ir para o estado 9
    IF        fazer shift, e ir para o estado 10
    VAR       fazer shift, e ir para o estado 11
    PRINTF    fazer shift, e ir para o estado 12
    SCANF     fazer shift, e ir para o estado 13

    $default  reduzir usando a regra 2 (cmdlist)

    cmdlist  ir para o estado 70
    cmd      ir para o estado 15


Estado67

    9 cmd: PRINTF OPEN_PARENTESIS QUOTATION INT_OP QUOTATION . COMMA VAR CLOSE_PARENTESIS SEMICOLON

    COMMA  fazer shift, e ir para o estado 71


Estado68

   10 cmd: SCANF OPEN_PARENTESIS QUOTATION INT_OP QUOTATION . COMMA VAR CLOSE_PARENTESIS SEMICOLON

    COMMA  fazer shift, e ir para o estado 72


Estado69

    8 cmd: WHILE OPEN_PARENTESIS expr CLOSE_PARENTESIS OPEN_BRACKETS cmdlist . CLOSE_BRACKETS

    CLOSE_BRACKETS  fazer shift, e ir para o estado 73


Estado70

    6 cmd: IF OPEN_PARENTESIS expr CLOSE_PARENTESIS OPEN_BRACKETS cmdlist . CLOSE_BRACKETS
    7    | IF OPEN_PARENTESIS expr CLOSE_PARENTESIS OPEN_BRACKETS cmdlist . CLOSE_BRACKETS ELSE OPEN_BRACKETS cmdlist CLOSE_BRACKETS

    CLOSE_BRACKETS  fazer shift, e ir para o estado 74


Estado71

    9 cmd: PRINTF OPEN_PARENTESIS QUOTATION INT_OP QUOTATION COMMA . VAR CLOSE_PARENTESIS SEMICOLON

    VAR  fazer shift, e ir para o estado 75


Estado72

   10 cmd: SCANF OPEN_PARENTESIS QUOTATION INT_OP QUOTATION COMMA . VAR CLOSE_PARENTESIS SEMICOLON

    VAR  fazer shift, e ir para o estado 76


Estado73

    8 cmd: WHILE OPEN_PARENTESIS expr CLOSE_PARENTESIS OPEN_BRACKETS cmdlist CLOSE_BRACKETS .

    $default  reduzir usando a regra 8 (cmd)


Estado74

    6 cmd: IF OPEN_PARENTESIS expr CLOSE_PARENTESIS OPEN_BRACKETS cmdlist CLOSE_BRACKETS .
    7    | IF OPEN_PARENTESIS expr CLOSE_PARENTESIS OPEN_BRACKETS cmdlist CLOSE_BRACKETS . ELSE OPEN_BRACKETS cmdlist CLOSE_BRACKETS

    ELSE  fazer shift, e ir para o estado 77

    $default  reduzir usando a regra 6 (cmd)


Estado75

    9 cmd: PRINTF OPEN_PARENTESIS QUOTATION INT_OP QUOTATION COMMA VAR . CLOSE_PARENTESIS SEMICOLON

    CLOSE_PARENTESIS  fazer shift, e ir para o estado 78


Estado76

   10 cmd: SCANF OPEN_PARENTESIS QUOTATION INT_OP QUOTATION COMMA VAR . CLOSE_PARENTESIS SEMICOLON

    CLOSE_PARENTESIS  fazer shift, e ir para o estado 79


Estado77

    7 cmd: IF OPEN_PARENTESIS expr CLOSE_PARENTESIS OPEN_BRACKETS cmdlist CLOSE_BRACKETS ELSE . OPEN_BRACKETS cmdlist CLOSE_BRACKETS

    OPEN_BRACKETS  fazer shift, e ir para o estado 80


Estado78

    9 cmd: PRINTF OPEN_PARENTESIS QUOTATION INT_OP QUOTATION COMMA VAR CLOSE_PARENTESIS . SEMICOLON

    SEMICOLON  fazer shift, e ir para o estado 81


Estado79

   10 cmd: SCANF OPEN_PARENTESIS QUOTATION INT_OP QUOTATION COMMA VAR CLOSE_PARENTESIS . SEMICOLON

    SEMICOLON  fazer shift, e ir para o estado 82


Estado80

    7 cmd: IF OPEN_PARENTESIS expr CLOSE_PARENTESIS OPEN_BRACKETS cmdlist CLOSE_BRACKETS ELSE OPEN_BRACKETS . cmdlist CLOSE_BRACKETS

    INT_TYPE  fazer shift, e ir para o estado 8
    WHILE     fazer shift, e ir para o estado 9
    IF        fazer shift, e ir para o estado 10
    VAR       fazer shift, e ir para o estado 11
    PRINTF    fazer shift, e ir para o estado 12
    SCANF     fazer shift, e ir para o estado 13

    $default  reduzir usando a regra 2 (cmdlist)

    cmdlist  ir para o estado 83
    cmd      ir para o estado 15


Estado81

    9 cmd: PRINTF OPEN_PARENTESIS QUOTATION INT_OP QUOTATION COMMA VAR CLOSE_PARENTESIS SEMICOLON .

    $default  reduzir usando a regra 9 (cmd)


Estado82

   10 cmd: SCANF OPEN_PARENTESIS QUOTATION INT_OP QUOTATION COMMA VAR CLOSE_PARENTESIS SEMICOLON .

    $default  reduzir usando a regra 10 (cmd)


Estado83

    7 cmd: IF OPEN_PARENTESIS expr CLOSE_PARENTESIS OPEN_BRACKETS cmdlist CLOSE_BRACKETS ELSE OPEN_BRACKETS cmdlist . CLOSE_BRACKETS

    CLOSE_BRACKETS  fazer shift, e ir para o estado 84


Estado84

    7 cmd: IF OPEN_PARENTESIS expr CLOSE_PARENTESIS OPEN_BRACKETS cmdlist CLOSE_BRACKETS ELSE OPEN_BRACKETS cmdlist CLOSE_BRACKETS .

    $default  reduzir usando a regra 7 (cmd)
